{"/Users/kitchi/node-practice/vidly/index.js": {"path":"/Users/kitchi/node-practice/vidly/index.js","statementMap":{"0":{"start":{"line":1,"column":16},"end":{"line":1,"column":34}},"1":{"start":{"line":3,"column":15},"end":{"line":3,"column":46}},"2":{"start":{"line":4,"column":12},"end":{"line":4,"column":21}},"3":{"start":{"line":8,"column":0},"end":{"line":8,"column":31}},"4":{"start":{"line":9,"column":0},"end":{"line":9,"column":33}},"5":{"start":{"line":10,"column":0},"end":{"line":10,"column":26}},"6":{"start":{"line":11,"column":0},"end":{"line":11,"column":30}},"7":{"start":{"line":12,"column":0},"end":{"line":12,"column":34}},"8":{"start":{"line":20,"column":13},"end":{"line":20,"column":37}},"9":{"start":{"line":21,"column":15},"end":{"line":21,"column":74}},"10":{"start":{"line":21,"column":38},"end":{"line":21,"column":73}},"11":{"start":{"line":23,"column":0},"end":{"line":23,"column":23}}},"fnMap":{"0":{"name":"(anonymous_0)","decl":{"start":{"line":21,"column":32},"end":{"line":21,"column":33}},"loc":{"start":{"line":21,"column":38},"end":{"line":21,"column":73}},"line":21}},"branchMap":{"0":{"loc":{"start":{"line":20,"column":13},"end":{"line":20,"column":37}},"type":"binary-expr","locations":[{"start":{"line":20,"column":13},"end":{"line":20,"column":29}},{"start":{"line":20,"column":33},"end":{"line":20,"column":37}}],"line":20}},"s":{"0":3,"1":3,"2":3,"3":3,"4":3,"5":3,"6":3,"7":3,"8":3,"9":3,"10":3,"11":3},"f":{"0":3},"b":{"0":[3,3]},"_coverageSchema":"1a1c01bbd47fc00a2c39e90264f33305004495a9","hash":"1e80eee97854b17d27b8305fb461b3de6c6b1b18"}
,"/Users/kitchi/node-practice/vidly/middleware/admin.js": {"path":"/Users/kitchi/node-practice/vidly/middleware/admin.js","statementMap":{"0":{"start":{"line":3,"column":0},"end":{"line":9,"column":1}},"1":{"start":{"line":4,"column":4},"end":{"line":6,"column":5}},"2":{"start":{"line":5,"column":8},"end":{"line":5,"column":52}},"3":{"start":{"line":8,"column":4},"end":{"line":8,"column":10}}},"fnMap":{"0":{"name":"admin","decl":{"start":{"line":3,"column":26},"end":{"line":3,"column":31}},"loc":{"start":{"line":3,"column":45},"end":{"line":9,"column":1}},"line":3}},"branchMap":{"0":{"loc":{"start":{"line":4,"column":4},"end":{"line":6,"column":5}},"type":"if","locations":[{"start":{"line":4,"column":4},"end":{"line":6,"column":5}},{"start":{"line":4,"column":4},"end":{"line":6,"column":5}}],"line":4}},"s":{"0":3,"1":3,"2":1,"3":2},"f":{"0":3},"b":{"0":[1,2]},"_coverageSchema":"1a1c01bbd47fc00a2c39e90264f33305004495a9","hash":"4d8efbe2b45fa9cf88d11a5907cf181634137ea4"}
,"/Users/kitchi/node-practice/vidly/middleware/async.js": {"path":"/Users/kitchi/node-practice/vidly/middleware/async.js","statementMap":{"0":{"start":{"line":1,"column":0},"end":{"line":9,"column":4}},"1":{"start":{"line":2,"column":4},"end":{"line":8,"column":6}},"2":{"start":{"line":3,"column":6},"end":{"line":7,"column":7}},"3":{"start":{"line":4,"column":8},"end":{"line":4,"column":32}},"4":{"start":{"line":6,"column":8},"end":{"line":6,"column":17}}},"fnMap":{"0":{"name":"asyncMiddleware","decl":{"start":{"line":1,"column":26},"end":{"line":1,"column":41}},"loc":{"start":{"line":1,"column":51},"end":{"line":9,"column":3}},"line":1},"1":{"name":"(anonymous_1)","decl":{"start":{"line":2,"column":11},"end":{"line":2,"column":12}},"loc":{"start":{"line":2,"column":37},"end":{"line":8,"column":5}},"line":2}},"branchMap":{},"s":{"0":3,"1":0,"2":0,"3":0,"4":0},"f":{"0":0,"1":0},"b":{},"_coverageSchema":"1a1c01bbd47fc00a2c39e90264f33305004495a9","hash":"c9fb699d2d959e32ae5c8ff9880f1c4c431821b7"}
,"/Users/kitchi/node-practice/vidly/middleware/auth.js": {"path":"/Users/kitchi/node-practice/vidly/middleware/auth.js","statementMap":{"0":{"start":{"line":1,"column":12},"end":{"line":1,"column":35}},"1":{"start":{"line":2,"column":15},"end":{"line":2,"column":32}},"2":{"start":{"line":4,"column":0},"end":{"line":15,"column":2}},"3":{"start":{"line":5,"column":16},"end":{"line":5,"column":42}},"4":{"start":{"line":6,"column":2},"end":{"line":6,"column":77}},"5":{"start":{"line":6,"column":14},"end":{"line":6,"column":77}},"6":{"start":{"line":8,"column":2},"end":{"line":14,"column":3}},"7":{"start":{"line":9,"column":20},"end":{"line":9,"column":66}},"8":{"start":{"line":10,"column":4},"end":{"line":10,"column":23}},"9":{"start":{"line":11,"column":4},"end":{"line":11,"column":11}},"10":{"start":{"line":13,"column":4},"end":{"line":13,"column":42}}},"fnMap":{"0":{"name":"auth","decl":{"start":{"line":4,"column":26},"end":{"line":4,"column":30}},"loc":{"start":{"line":4,"column":47},"end":{"line":15,"column":1}},"line":4}},"branchMap":{"0":{"loc":{"start":{"line":6,"column":2},"end":{"line":6,"column":77}},"type":"if","locations":[{"start":{"line":6,"column":2},"end":{"line":6,"column":77}},{"start":{"line":6,"column":2},"end":{"line":6,"column":77}}],"line":6}},"s":{"0":4,"1":4,"2":4,"3":24,"4":24,"5":5,"6":19,"7":19,"8":18,"9":18,"10":1},"f":{"0":24},"b":{"0":[5,19]},"_coverageSchema":"1a1c01bbd47fc00a2c39e90264f33305004495a9","hash":"afbefc4c9febd984832a13bb097c21fd3eb1a108"}
,"/Users/kitchi/node-practice/vidly/middleware/error.js": {"path":"/Users/kitchi/node-practice/vidly/middleware/error.js","statementMap":{"0":{"start":{"line":1,"column":15},"end":{"line":1,"column":48}},"1":{"start":{"line":3,"column":0},"end":{"line":8,"column":3}},"2":{"start":{"line":5,"column":4},"end":{"line":5,"column":21}},"3":{"start":{"line":7,"column":4},"end":{"line":7,"column":45}}},"fnMap":{"0":{"name":"(anonymous_0)","decl":{"start":{"line":3,"column":17},"end":{"line":3,"column":18}},"loc":{"start":{"line":3,"column":46},"end":{"line":8,"column":3}},"line":3}},"branchMap":{},"s":{"0":3,"1":3,"2":0,"3":0},"f":{"0":0},"b":{},"_coverageSchema":"1a1c01bbd47fc00a2c39e90264f33305004495a9","hash":"18a301d02d4b37f79f751e82f885b90054cbbc3c"}
,"/Users/kitchi/node-practice/vidly/middleware/validateObjectId.js": {"path":"/Users/kitchi/node-practice/vidly/middleware/validateObjectId.js","statementMap":{"0":{"start":{"line":1,"column":17},"end":{"line":1,"column":36}},"1":{"start":{"line":3,"column":0},"end":{"line":8,"column":1}},"2":{"start":{"line":4,"column":4},"end":{"line":6,"column":5}},"3":{"start":{"line":5,"column":8},"end":{"line":5,"column":50}},"4":{"start":{"line":7,"column":4},"end":{"line":7,"column":10}}},"fnMap":{"0":{"name":"(anonymous_0)","decl":{"start":{"line":3,"column":17},"end":{"line":3,"column":18}},"loc":{"start":{"line":3,"column":37},"end":{"line":8,"column":1}},"line":3}},"branchMap":{"0":{"loc":{"start":{"line":4,"column":4},"end":{"line":6,"column":5}},"type":"if","locations":[{"start":{"line":4,"column":4},"end":{"line":6,"column":5}},{"start":{"line":4,"column":4},"end":{"line":6,"column":5}}],"line":4}},"s":{"0":3,"1":3,"2":13,"3":3,"4":10},"f":{"0":13},"b":{"0":[3,10]},"_coverageSchema":"1a1c01bbd47fc00a2c39e90264f33305004495a9","hash":"5ca1f12b61bbd65d318742c1dc919e3b41eaeaf3"}
,"/Users/kitchi/node-practice/vidly/models/customer.js": {"path":"/Users/kitchi/node-practice/vidly/models/customer.js","statementMap":{"0":{"start":{"line":1,"column":17},"end":{"line":1,"column":36}},"1":{"start":{"line":2,"column":12},"end":{"line":2,"column":26}},"2":{"start":{"line":4,"column":23},"end":{"line":18,"column":2}},"3":{"start":{"line":20,"column":17},"end":{"line":20,"column":63}},"4":{"start":{"line":22,"column":25},"end":{"line":33,"column":1}},"5":{"start":{"line":23,"column":17},"end":{"line":27,"column":4}},"6":{"start":{"line":28,"column":2},"end":{"line":32,"column":5}},"7":{"start":{"line":35,"column":0},"end":{"line":35,"column":28}},"8":{"start":{"line":36,"column":0},"end":{"line":36,"column":36}},"9":{"start":{"line":37,"column":0},"end":{"line":37,"column":40}}},"fnMap":{"0":{"name":"(anonymous_0)","decl":{"start":{"line":22,"column":25},"end":{"line":22,"column":26}},"loc":{"start":{"line":22,"column":39},"end":{"line":33,"column":1}},"line":22}},"branchMap":{},"s":{"0":3,"1":3,"2":3,"3":3,"4":3,"5":0,"6":0,"7":3,"8":3,"9":3},"f":{"0":0},"b":{},"_coverageSchema":"1a1c01bbd47fc00a2c39e90264f33305004495a9","hash":"86e3a18ef664fe15c0e1edebcf150adc235b99a6"}
,"/Users/kitchi/node-practice/vidly/models/genre.js": {"path":"/Users/kitchi/node-practice/vidly/models/genre.js","statementMap":{"0":{"start":{"line":1,"column":17},"end":{"line":1,"column":36}},"1":{"start":{"line":2,"column":12},"end":{"line":2,"column":26}},"2":{"start":{"line":4,"column":20},"end":{"line":11,"column":2}},"3":{"start":{"line":13,"column":14},"end":{"line":13,"column":54}},"4":{"start":{"line":15,"column":22},"end":{"line":20,"column":1}},"5":{"start":{"line":16,"column":17},"end":{"line":18,"column":4}},"6":{"start":{"line":19,"column":2},"end":{"line":19,"column":41}},"7":{"start":{"line":22,"column":0},"end":{"line":22,"column":22}},"8":{"start":{"line":23,"column":0},"end":{"line":23,"column":33}},"9":{"start":{"line":24,"column":0},"end":{"line":24,"column":34}}},"fnMap":{"0":{"name":"(anonymous_0)","decl":{"start":{"line":15,"column":22},"end":{"line":15,"column":23}},"loc":{"start":{"line":15,"column":32},"end":{"line":20,"column":1}},"line":15}},"branchMap":{},"s":{"0":3,"1":3,"2":3,"3":3,"4":3,"5":7,"6":7,"7":3,"8":3,"9":3},"f":{"0":7},"b":{},"_coverageSchema":"1a1c01bbd47fc00a2c39e90264f33305004495a9","hash":"d8fe1b096e1832ebcdaaac24d282265a5211d6ba"}
,"/Users/kitchi/node-practice/vidly/models/movie.js": {"path":"/Users/kitchi/node-practice/vidly/models/movie.js","statementMap":{"0":{"start":{"line":1,"column":17},"end":{"line":1,"column":36}},"1":{"start":{"line":2,"column":12},"end":{"line":2,"column":26}},"2":{"start":{"line":5,"column":24},"end":{"line":5,"column":50}},"3":{"start":{"line":8,"column":20},"end":{"line":19,"column":2}},"4":{"start":{"line":21,"column":14},"end":{"line":21,"column":54}},"5":{"start":{"line":23,"column":22},"end":{"line":37,"column":1}},"6":{"start":{"line":24,"column":17},"end":{"line":29,"column":4}},"7":{"start":{"line":31,"column":2},"end":{"line":36,"column":5}},"8":{"start":{"line":39,"column":0},"end":{"line":39,"column":22}},"9":{"start":{"line":40,"column":0},"end":{"line":40,"column":33}},"10":{"start":{"line":41,"column":0},"end":{"line":41,"column":34}}},"fnMap":{"0":{"name":"(anonymous_0)","decl":{"start":{"line":23,"column":22},"end":{"line":23,"column":23}},"loc":{"start":{"line":23,"column":78},"end":{"line":37,"column":1}},"line":23}},"branchMap":{},"s":{"0":3,"1":3,"2":3,"3":3,"4":3,"5":3,"6":0,"7":0,"8":3,"9":3,"10":3},"f":{"0":0},"b":{},"_coverageSchema":"1a1c01bbd47fc00a2c39e90264f33305004495a9","hash":"4efe527544b6016fbdb9d3944102e5846cf3c8ce"}
,"/Users/kitchi/node-practice/vidly/models/rental.js": {"path":"/Users/kitchi/node-practice/vidly/models/rental.js","statementMap":{"0":{"start":{"line":1,"column":17},"end":{"line":1,"column":36}},"1":{"start":{"line":2,"column":12},"end":{"line":2,"column":26}},"2":{"start":{"line":4,"column":21},"end":{"line":42,"column":2}},"3":{"start":{"line":44,"column":15},"end":{"line":44,"column":57}},"4":{"start":{"line":46,"column":23},"end":{"line":55,"column":1}},"5":{"start":{"line":47,"column":17},"end":{"line":50,"column":4}},"6":{"start":{"line":51,"column":2},"end":{"line":54,"column":5}},"7":{"start":{"line":57,"column":0},"end":{"line":57,"column":24}},"8":{"start":{"line":58,"column":0},"end":{"line":58,"column":34}}},"fnMap":{"0":{"name":"(anonymous_0)","decl":{"start":{"line":46,"column":23},"end":{"line":46,"column":24}},"loc":{"start":{"line":46,"column":52},"end":{"line":55,"column":1}},"line":46}},"branchMap":{},"s":{"0":3,"1":3,"2":3,"3":3,"4":3,"5":0,"6":0,"7":3,"8":3},"f":{"0":0},"b":{},"_coverageSchema":"1a1c01bbd47fc00a2c39e90264f33305004495a9","hash":"f06310850af7fad75ff575743844582e2bb82e43"}
,"/Users/kitchi/node-practice/vidly/models/user.js": {"path":"/Users/kitchi/node-practice/vidly/models/user.js","statementMap":{"0":{"start":{"line":1,"column":17},"end":{"line":1,"column":36}},"1":{"start":{"line":2,"column":12},"end":{"line":2,"column":26}},"2":{"start":{"line":3,"column":12},"end":{"line":3,"column":35}},"3":{"start":{"line":4,"column":15},"end":{"line":4,"column":32}},"4":{"start":{"line":6,"column":19},"end":{"line":30,"column":2}},"5":{"start":{"line":32,"column":0},"end":{"line":35,"column":1}},"6":{"start":{"line":33,"column":18},"end":{"line":33,"column":97}},"7":{"start":{"line":34,"column":4},"end":{"line":34,"column":16}},"8":{"start":{"line":37,"column":13},"end":{"line":37,"column":51}},"9":{"start":{"line":39,"column":21},"end":{"line":51,"column":1}},"10":{"start":{"line":40,"column":17},"end":{"line":44,"column":4}},"11":{"start":{"line":46,"column":2},"end":{"line":50,"column":5}},"12":{"start":{"line":53,"column":0},"end":{"line":53,"column":32}},"13":{"start":{"line":54,"column":0},"end":{"line":54,"column":20}},"14":{"start":{"line":55,"column":0},"end":{"line":55,"column":32}}},"fnMap":{"0":{"name":"(anonymous_0)","decl":{"start":{"line":32,"column":39},"end":{"line":32,"column":40}},"loc":{"start":{"line":32,"column":50},"end":{"line":35,"column":1}},"line":32},"1":{"name":"(anonymous_1)","decl":{"start":{"line":39,"column":21},"end":{"line":39,"column":22}},"loc":{"start":{"line":39,"column":52},"end":{"line":51,"column":1}},"line":39}},"branchMap":{},"s":{"0":5,"1":5,"2":5,"3":5,"4":5,"5":5,"6":28,"7":28,"8":5,"9":5,"10":0,"11":0,"12":5,"13":5,"14":5},"f":{"0":28,"1":0},"b":{},"_coverageSchema":"1a1c01bbd47fc00a2c39e90264f33305004495a9","hash":"d636cf9cad56fe99993d97f9166dd2fe80fad300"}
,"/Users/kitchi/node-practice/vidly/routes/auth.js": {"path":"/Users/kitchi/node-practice/vidly/routes/auth.js","statementMap":{"0":{"start":{"line":2,"column":15},"end":{"line":2,"column":32}},"1":{"start":{"line":3,"column":16},"end":{"line":3,"column":34}},"2":{"start":{"line":4,"column":12},"end":{"line":4,"column":26}},"3":{"start":{"line":5,"column":15},"end":{"line":5,"column":31}},"4":{"start":{"line":6,"column":10},"end":{"line":6,"column":27}},"5":{"start":{"line":9,"column":15},"end":{"line":9,"column":40}},"6":{"start":{"line":11,"column":0},"end":{"line":25,"column":2}},"7":{"start":{"line":12,"column":20},"end":{"line":12,"column":38}},"8":{"start":{"line":13,"column":4},"end":{"line":13,"column":67}},"9":{"start":{"line":13,"column":14},"end":{"line":13,"column":67}},"10":{"start":{"line":15,"column":17},"end":{"line":15,"column":60}},"11":{"start":{"line":16,"column":4},"end":{"line":16,"column":71}},"12":{"start":{"line":16,"column":14},"end":{"line":16,"column":71}},"13":{"start":{"line":18,"column":26},"end":{"line":18,"column":80}},"14":{"start":{"line":19,"column":4},"end":{"line":19,"column":80}},"15":{"start":{"line":19,"column":23},"end":{"line":19,"column":80}},"16":{"start":{"line":21,"column":18},"end":{"line":21,"column":42}},"17":{"start":{"line":24,"column":4},"end":{"line":24,"column":76}},"18":{"start":{"line":27,"column":17},"end":{"line":33,"column":1}},"19":{"start":{"line":28,"column":19},"end":{"line":31,"column":6}},"20":{"start":{"line":32,"column":4},"end":{"line":32,"column":62}},"21":{"start":{"line":35,"column":0},"end":{"line":35,"column":23}}},"fnMap":{"0":{"name":"(anonymous_0)","decl":{"start":{"line":11,"column":17},"end":{"line":11,"column":18}},"loc":{"start":{"line":11,"column":37},"end":{"line":25,"column":1}},"line":11},"1":{"name":"(anonymous_1)","decl":{"start":{"line":27,"column":17},"end":{"line":27,"column":18}},"loc":{"start":{"line":27,"column":40},"end":{"line":33,"column":1}},"line":27}},"branchMap":{"0":{"loc":{"start":{"line":13,"column":4},"end":{"line":13,"column":67}},"type":"if","locations":[{"start":{"line":13,"column":4},"end":{"line":13,"column":67}},{"start":{"line":13,"column":4},"end":{"line":13,"column":67}}],"line":13},"1":{"loc":{"start":{"line":16,"column":4},"end":{"line":16,"column":71}},"type":"if","locations":[{"start":{"line":16,"column":4},"end":{"line":16,"column":71}},{"start":{"line":16,"column":4},"end":{"line":16,"column":71}}],"line":16},"2":{"loc":{"start":{"line":19,"column":4},"end":{"line":19,"column":80}},"type":"if","locations":[{"start":{"line":19,"column":4},"end":{"line":19,"column":80}},{"start":{"line":19,"column":4},"end":{"line":19,"column":80}}],"line":19}},"s":{"0":3,"1":3,"2":3,"3":3,"4":3,"5":3,"6":3,"7":0,"8":0,"9":0,"10":0,"11":0,"12":0,"13":0,"14":0,"15":0,"16":0,"17":0,"18":3,"19":0,"20":0,"21":3},"f":{"0":0,"1":0},"b":{"0":[0,0],"1":[0,0],"2":[0,0]},"_coverageSchema":"1a1c01bbd47fc00a2c39e90264f33305004495a9","hash":"ad17f6a8eb333f5d66e3d77dd2877ff8d50ceb2e"}
,"/Users/kitchi/node-practice/vidly/routes/customers.js": {"path":"/Users/kitchi/node-practice/vidly/routes/customers.js","statementMap":{"0":{"start":{"line":1,"column":16},"end":{"line":1,"column":34}},"1":{"start":{"line":2,"column":15},"end":{"line":2,"column":31}},"2":{"start":{"line":3,"column":13},"end":{"line":3,"column":42}},"3":{"start":{"line":6,"column":31},"end":{"line":6,"column":60}},"4":{"start":{"line":7,"column":24},"end":{"line":7,"column":54}},"5":{"start":{"line":10,"column":0},"end":{"line":13,"column":3}},"6":{"start":{"line":11,"column":20},"end":{"line":11,"column":41}},"7":{"start":{"line":12,"column":2},"end":{"line":12,"column":22}},"8":{"start":{"line":15,"column":0},"end":{"line":18,"column":3}},"9":{"start":{"line":16,"column":19},"end":{"line":16,"column":57}},"10":{"start":{"line":17,"column":2},"end":{"line":17,"column":21}},"11":{"start":{"line":20,"column":0},"end":{"line":42,"column":3}},"12":{"start":{"line":21,"column":20},"end":{"line":25,"column":4}},"13":{"start":{"line":26,"column":2},"end":{"line":28,"column":3}},"14":{"start":{"line":27,"column":4},"end":{"line":27,"column":46}},"15":{"start":{"line":30,"column":22},"end":{"line":34,"column":4}},"16":{"start":{"line":36,"column":2},"end":{"line":41,"column":3}},"17":{"start":{"line":37,"column":4},"end":{"line":37,"column":29}},"18":{"start":{"line":38,"column":4},"end":{"line":38,"column":26}},"19":{"start":{"line":40,"column":4},"end":{"line":40,"column":61}},"20":{"start":{"line":44,"column":0},"end":{"line":66,"column":3}},"21":{"start":{"line":45,"column":20},"end":{"line":49,"column":4}},"22":{"start":{"line":50,"column":2},"end":{"line":52,"column":3}},"23":{"start":{"line":51,"column":4},"end":{"line":51,"column":46}},"24":{"start":{"line":54,"column":19},"end":{"line":54,"column":57}},"25":{"start":{"line":55,"column":26},"end":{"line":59,"column":4}},"26":{"start":{"line":60,"column":2},"end":{"line":65,"column":3}},"27":{"start":{"line":61,"column":4},"end":{"line":61,"column":33}},"28":{"start":{"line":62,"column":4},"end":{"line":62,"column":30}},"29":{"start":{"line":64,"column":4},"end":{"line":64,"column":68}},"30":{"start":{"line":68,"column":0},"end":{"line":75,"column":3}},"31":{"start":{"line":69,"column":2},"end":{"line":74,"column":3}},"32":{"start":{"line":70,"column":4},"end":{"line":70,"column":53}},"33":{"start":{"line":71,"column":4},"end":{"line":71,"column":36}},"34":{"start":{"line":73,"column":4},"end":{"line":73,"column":25}},"35":{"start":{"line":77,"column":0},"end":{"line":77,"column":24}}},"fnMap":{"0":{"name":"(anonymous_0)","decl":{"start":{"line":10,"column":16},"end":{"line":10,"column":17}},"loc":{"start":{"line":10,"column":36},"end":{"line":13,"column":1}},"line":10},"1":{"name":"(anonymous_1)","decl":{"start":{"line":15,"column":19},"end":{"line":15,"column":20}},"loc":{"start":{"line":15,"column":39},"end":{"line":18,"column":1}},"line":15},"2":{"name":"(anonymous_2)","decl":{"start":{"line":20,"column":23},"end":{"line":20,"column":24}},"loc":{"start":{"line":20,"column":43},"end":{"line":42,"column":1}},"line":20},"3":{"name":"(anonymous_3)","decl":{"start":{"line":44,"column":25},"end":{"line":44,"column":26}},"loc":{"start":{"line":44,"column":45},"end":{"line":66,"column":1}},"line":44},"4":{"name":"(anonymous_4)","decl":{"start":{"line":68,"column":28},"end":{"line":68,"column":29}},"loc":{"start":{"line":68,"column":48},"end":{"line":75,"column":1}},"line":68}},"branchMap":{"0":{"loc":{"start":{"line":26,"column":2},"end":{"line":28,"column":3}},"type":"if","locations":[{"start":{"line":26,"column":2},"end":{"line":28,"column":3}},{"start":{"line":26,"column":2},"end":{"line":28,"column":3}}],"line":26},"1":{"loc":{"start":{"line":50,"column":2},"end":{"line":52,"column":3}},"type":"if","locations":[{"start":{"line":50,"column":2},"end":{"line":52,"column":3}},{"start":{"line":50,"column":2},"end":{"line":52,"column":3}}],"line":50}},"s":{"0":3,"1":3,"2":3,"3":3,"4":3,"5":3,"6":0,"7":0,"8":3,"9":0,"10":0,"11":3,"12":0,"13":0,"14":0,"15":0,"16":0,"17":0,"18":0,"19":0,"20":3,"21":0,"22":0,"23":0,"24":0,"25":0,"26":0,"27":0,"28":0,"29":0,"30":3,"31":0,"32":0,"33":0,"34":0,"35":3},"f":{"0":0,"1":0,"2":0,"3":0,"4":0},"b":{"0":[0,0],"1":[0,0]},"_coverageSchema":"1a1c01bbd47fc00a2c39e90264f33305004495a9","hash":"81f47e66dda469d907f4cb0a01fa7008444d7c15"}
,"/Users/kitchi/node-practice/vidly/routes/genres.js": {"path":"/Users/kitchi/node-practice/vidly/routes/genres.js","statementMap":{"0":{"start":{"line":1,"column":16},"end":{"line":1,"column":34}},"1":{"start":{"line":2,"column":15},"end":{"line":2,"column":31}},"2":{"start":{"line":3,"column":13},"end":{"line":3,"column":42}},"3":{"start":{"line":4,"column":14},"end":{"line":4,"column":44}},"4":{"start":{"line":7,"column":28},"end":{"line":7,"column":54}},"5":{"start":{"line":8,"column":25},"end":{"line":8,"column":66}},"6":{"start":{"line":10,"column":0},"end":{"line":14,"column":3}},"7":{"start":{"line":12,"column":17},"end":{"line":12,"column":48}},"8":{"start":{"line":13,"column":2},"end":{"line":13,"column":19}},"9":{"start":{"line":16,"column":0},"end":{"line":20,"column":3}},"10":{"start":{"line":17,"column":16},"end":{"line":17,"column":51}},"11":{"start":{"line":18,"column":2},"end":{"line":18,"column":61}},"12":{"start":{"line":18,"column":14},"end":{"line":18,"column":61}},"13":{"start":{"line":19,"column":2},"end":{"line":19,"column":18}},"14":{"start":{"line":22,"column":0},"end":{"line":35,"column":3}},"15":{"start":{"line":23,"column":20},"end":{"line":23,"column":43}},"16":{"start":{"line":24,"column":2},"end":{"line":26,"column":3}},"17":{"start":{"line":25,"column":4},"end":{"line":25,"column":58}},"18":{"start":{"line":27,"column":19},"end":{"line":27,"column":53}},"19":{"start":{"line":29,"column":2},"end":{"line":34,"column":3}},"20":{"start":{"line":30,"column":4},"end":{"line":30,"column":26}},"21":{"start":{"line":31,"column":4},"end":{"line":31,"column":23}},"22":{"start":{"line":33,"column":4},"end":{"line":33,"column":37}},"23":{"start":{"line":37,"column":0},"end":{"line":53,"column":3}},"24":{"start":{"line":38,"column":16},"end":{"line":38,"column":51}},"25":{"start":{"line":39,"column":2},"end":{"line":39,"column":61}},"26":{"start":{"line":39,"column":14},"end":{"line":39,"column":61}},"27":{"start":{"line":41,"column":20},"end":{"line":41,"column":43}},"28":{"start":{"line":42,"column":2},"end":{"line":44,"column":3}},"29":{"start":{"line":43,"column":4},"end":{"line":43,"column":58}},"30":{"start":{"line":46,"column":2},"end":{"line":46,"column":29}},"31":{"start":{"line":47,"column":2},"end":{"line":52,"column":3}},"32":{"start":{"line":48,"column":4},"end":{"line":48,"column":23}},"33":{"start":{"line":49,"column":4},"end":{"line":49,"column":20}},"34":{"start":{"line":51,"column":4},"end":{"line":51,"column":57}},"35":{"start":{"line":55,"column":0},"end":{"line":65,"column":3}},"36":{"start":{"line":56,"column":16},"end":{"line":56,"column":51}},"37":{"start":{"line":57,"column":2},"end":{"line":57,"column":61}},"38":{"start":{"line":57,"column":14},"end":{"line":57,"column":61}},"39":{"start":{"line":59,"column":2},"end":{"line":64,"column":3}},"40":{"start":{"line":60,"column":4},"end":{"line":60,"column":33}},"41":{"start":{"line":61,"column":4},"end":{"line":61,"column":33}},"42":{"start":{"line":63,"column":4},"end":{"line":63,"column":25}},"43":{"start":{"line":67,"column":0},"end":{"line":67,"column":24}}},"fnMap":{"0":{"name":"(anonymous_0)","decl":{"start":{"line":10,"column":16},"end":{"line":10,"column":17}},"loc":{"start":{"line":10,"column":36},"end":{"line":14,"column":1}},"line":10},"1":{"name":"(anonymous_1)","decl":{"start":{"line":16,"column":37},"end":{"line":16,"column":38}},"loc":{"start":{"line":16,"column":57},"end":{"line":20,"column":1}},"line":16},"2":{"name":"(anonymous_2)","decl":{"start":{"line":22,"column":23},"end":{"line":22,"column":24}},"loc":{"start":{"line":22,"column":43},"end":{"line":35,"column":1}},"line":22},"3":{"name":"(anonymous_3)","decl":{"start":{"line":37,"column":45},"end":{"line":37,"column":46}},"loc":{"start":{"line":37,"column":65},"end":{"line":53,"column":1}},"line":37},"4":{"name":"(anonymous_4)","decl":{"start":{"line":55,"column":55},"end":{"line":55,"column":56}},"loc":{"start":{"line":55,"column":75},"end":{"line":65,"column":1}},"line":55}},"branchMap":{"0":{"loc":{"start":{"line":18,"column":2},"end":{"line":18,"column":61}},"type":"if","locations":[{"start":{"line":18,"column":2},"end":{"line":18,"column":61}},{"start":{"line":18,"column":2},"end":{"line":18,"column":61}}],"line":18},"1":{"loc":{"start":{"line":24,"column":2},"end":{"line":26,"column":3}},"type":"if","locations":[{"start":{"line":24,"column":2},"end":{"line":26,"column":3}},{"start":{"line":24,"column":2},"end":{"line":26,"column":3}}],"line":24},"2":{"loc":{"start":{"line":39,"column":2},"end":{"line":39,"column":61}},"type":"if","locations":[{"start":{"line":39,"column":2},"end":{"line":39,"column":61}},{"start":{"line":39,"column":2},"end":{"line":39,"column":61}}],"line":39},"3":{"loc":{"start":{"line":42,"column":2},"end":{"line":44,"column":3}},"type":"if","locations":[{"start":{"line":42,"column":2},"end":{"line":44,"column":3}},{"start":{"line":42,"column":2},"end":{"line":44,"column":3}}],"line":42},"4":{"loc":{"start":{"line":57,"column":2},"end":{"line":57,"column":61}},"type":"if","locations":[{"start":{"line":57,"column":2},"end":{"line":57,"column":61}},{"start":{"line":57,"column":2},"end":{"line":57,"column":61}}],"line":57}},"s":{"0":3,"1":3,"2":3,"3":3,"4":3,"5":3,"6":3,"7":1,"8":1,"9":3,"10":2,"11":2,"12":1,"13":1,"14":3,"15":5,"16":5,"17":2,"18":3,"19":3,"20":3,"21":3,"22":0,"23":3,"24":3,"25":3,"26":1,"27":2,"28":2,"29":1,"30":1,"31":1,"32":1,"33":1,"34":0,"35":3,"36":2,"37":2,"38":1,"39":1,"40":1,"41":1,"42":0,"43":3},"f":{"0":1,"1":2,"2":5,"3":3,"4":2},"b":{"0":[1,1],"1":[2,3],"2":[1,2],"3":[1,1],"4":[1,1]},"_coverageSchema":"1a1c01bbd47fc00a2c39e90264f33305004495a9","hash":"146dfc641db51f4bcf56929980d9f82136b97063"}
,"/Users/kitchi/node-practice/vidly/routes/home.js": {"path":"/Users/kitchi/node-practice/vidly/routes/home.js","statementMap":{"0":{"start":{"line":1,"column":16},"end":{"line":1,"column":34}},"1":{"start":{"line":2,"column":15},"end":{"line":2,"column":31}},"2":{"start":{"line":4,"column":0},"end":{"line":6,"column":3}},"3":{"start":{"line":5,"column":2},"end":{"line":5,"column":19}},"4":{"start":{"line":8,"column":0},"end":{"line":8,"column":23}}},"fnMap":{"0":{"name":"(anonymous_0)","decl":{"start":{"line":4,"column":16},"end":{"line":4,"column":17}},"loc":{"start":{"line":4,"column":30},"end":{"line":6,"column":1}},"line":4}},"branchMap":{},"s":{"0":3,"1":3,"2":3,"3":0,"4":3},"f":{"0":0},"b":{},"_coverageSchema":"1a1c01bbd47fc00a2c39e90264f33305004495a9","hash":"ec5b58eb108c182aa18e544e41a243882b52c678"}
,"/Users/kitchi/node-practice/vidly/routes/movies.js": {"path":"/Users/kitchi/node-practice/vidly/routes/movies.js","statementMap":{"0":{"start":{"line":1,"column":16},"end":{"line":1,"column":34}},"1":{"start":{"line":2,"column":15},"end":{"line":2,"column":31}},"2":{"start":{"line":3,"column":13},"end":{"line":3,"column":42}},"3":{"start":{"line":6,"column":28},"end":{"line":6,"column":54}},"4":{"start":{"line":7,"column":18},"end":{"line":7,"column":44}},"5":{"start":{"line":9,"column":0},"end":{"line":12,"column":3}},"6":{"start":{"line":10,"column":17},"end":{"line":10,"column":35}},"7":{"start":{"line":11,"column":2},"end":{"line":11,"column":19}},"8":{"start":{"line":14,"column":0},"end":{"line":17,"column":3}},"9":{"start":{"line":15,"column":16},"end":{"line":15,"column":51}},"10":{"start":{"line":16,"column":2},"end":{"line":16,"column":18}},"11":{"start":{"line":19,"column":0},"end":{"line":43,"column":3}},"12":{"start":{"line":20,"column":20},"end":{"line":20,"column":38}},"13":{"start":{"line":21,"column":2},"end":{"line":24,"column":3}},"14":{"start":{"line":22,"column":4},"end":{"line":22,"column":25}},"15":{"start":{"line":23,"column":4},"end":{"line":23,"column":58}},"16":{"start":{"line":26,"column":16},"end":{"line":26,"column":54}},"17":{"start":{"line":27,"column":2},"end":{"line":29,"column":3}},"18":{"start":{"line":28,"column":4},"end":{"line":28,"column":51}},"19":{"start":{"line":30,"column":16},"end":{"line":35,"column":4}},"20":{"start":{"line":37,"column":2},"end":{"line":42,"column":3}},"21":{"start":{"line":38,"column":4},"end":{"line":38,"column":23}},"22":{"start":{"line":39,"column":4},"end":{"line":39,"column":20}},"23":{"start":{"line":41,"column":4},"end":{"line":41,"column":60}},"24":{"start":{"line":45,"column":0},"end":{"line":64,"column":3}},"25":{"start":{"line":46,"column":20},"end":{"line":46,"column":38}},"26":{"start":{"line":47,"column":2},"end":{"line":49,"column":3}},"27":{"start":{"line":48,"column":4},"end":{"line":48,"column":58}},"28":{"start":{"line":51,"column":16},"end":{"line":51,"column":54}},"29":{"start":{"line":52,"column":2},"end":{"line":52,"column":59}},"30":{"start":{"line":52,"column":14},"end":{"line":52,"column":59}},"31":{"start":{"line":54,"column":16},"end":{"line":54,"column":51}},"32":{"start":{"line":56,"column":19},"end":{"line":61,"column":4}},"33":{"start":{"line":62,"column":17},"end":{"line":62,"column":38}},"34":{"start":{"line":63,"column":2},"end":{"line":63,"column":19}},"35":{"start":{"line":66,"column":0},"end":{"line":73,"column":3}},"36":{"start":{"line":67,"column":2},"end":{"line":72,"column":3}},"37":{"start":{"line":68,"column":4},"end":{"line":68,"column":50}},"38":{"start":{"line":69,"column":4},"end":{"line":69,"column":33}},"39":{"start":{"line":71,"column":4},"end":{"line":71,"column":25}},"40":{"start":{"line":75,"column":0},"end":{"line":75,"column":24}}},"fnMap":{"0":{"name":"(anonymous_0)","decl":{"start":{"line":9,"column":16},"end":{"line":9,"column":17}},"loc":{"start":{"line":9,"column":36},"end":{"line":12,"column":1}},"line":9},"1":{"name":"(anonymous_1)","decl":{"start":{"line":14,"column":19},"end":{"line":14,"column":20}},"loc":{"start":{"line":14,"column":39},"end":{"line":17,"column":1}},"line":14},"2":{"name":"(anonymous_2)","decl":{"start":{"line":19,"column":23},"end":{"line":19,"column":24}},"loc":{"start":{"line":19,"column":43},"end":{"line":43,"column":1}},"line":19},"3":{"name":"(anonymous_3)","decl":{"start":{"line":45,"column":25},"end":{"line":45,"column":26}},"loc":{"start":{"line":45,"column":45},"end":{"line":64,"column":1}},"line":45},"4":{"name":"(anonymous_4)","decl":{"start":{"line":66,"column":28},"end":{"line":66,"column":29}},"loc":{"start":{"line":66,"column":48},"end":{"line":73,"column":1}},"line":66}},"branchMap":{"0":{"loc":{"start":{"line":21,"column":2},"end":{"line":24,"column":3}},"type":"if","locations":[{"start":{"line":21,"column":2},"end":{"line":24,"column":3}},{"start":{"line":21,"column":2},"end":{"line":24,"column":3}}],"line":21},"1":{"loc":{"start":{"line":27,"column":2},"end":{"line":29,"column":3}},"type":"if","locations":[{"start":{"line":27,"column":2},"end":{"line":29,"column":3}},{"start":{"line":27,"column":2},"end":{"line":29,"column":3}}],"line":27},"2":{"loc":{"start":{"line":47,"column":2},"end":{"line":49,"column":3}},"type":"if","locations":[{"start":{"line":47,"column":2},"end":{"line":49,"column":3}},{"start":{"line":47,"column":2},"end":{"line":49,"column":3}}],"line":47},"3":{"loc":{"start":{"line":52,"column":2},"end":{"line":52,"column":59}},"type":"if","locations":[{"start":{"line":52,"column":2},"end":{"line":52,"column":59}},{"start":{"line":52,"column":2},"end":{"line":52,"column":59}}],"line":52}},"s":{"0":3,"1":3,"2":3,"3":3,"4":3,"5":3,"6":0,"7":0,"8":3,"9":0,"10":0,"11":3,"12":0,"13":0,"14":0,"15":0,"16":0,"17":0,"18":0,"19":0,"20":0,"21":0,"22":0,"23":0,"24":3,"25":0,"26":0,"27":0,"28":0,"29":0,"30":0,"31":0,"32":0,"33":0,"34":0,"35":3,"36":0,"37":0,"38":0,"39":0,"40":3},"f":{"0":0,"1":0,"2":0,"3":0,"4":0},"b":{"0":[0,0],"1":[0,0],"2":[0,0],"3":[0,0]},"_coverageSchema":"1a1c01bbd47fc00a2c39e90264f33305004495a9","hash":"44d806f19bb7b86c6cacf04f096df00efc5537fd"}
,"/Users/kitchi/node-practice/vidly/routes/rentals.js": {"path":"/Users/kitchi/node-practice/vidly/routes/rentals.js","statementMap":{"0":{"start":{"line":1,"column":16},"end":{"line":1,"column":34}},"1":{"start":{"line":2,"column":15},"end":{"line":2,"column":31}},"2":{"start":{"line":3,"column":13},"end":{"line":3,"column":28}},"3":{"start":{"line":4,"column":17},"end":{"line":4,"column":36}},"4":{"start":{"line":5,"column":13},"end":{"line":5,"column":42}},"5":{"start":{"line":8,"column":29},"end":{"line":8,"column":56}},"6":{"start":{"line":9,"column":18},"end":{"line":9,"column":44}},"7":{"start":{"line":10,"column":21},"end":{"line":10,"column":50}},"8":{"start":{"line":12,"column":0},"end":{"line":12,"column":20}},"9":{"start":{"line":14,"column":0},"end":{"line":17,"column":3}},"10":{"start":{"line":15,"column":18},"end":{"line":15,"column":37}},"11":{"start":{"line":16,"column":2},"end":{"line":16,"column":20}},"12":{"start":{"line":19,"column":0},"end":{"line":68,"column":3}},"13":{"start":{"line":20,"column":20},"end":{"line":20,"column":38}},"14":{"start":{"line":21,"column":2},"end":{"line":23,"column":3}},"15":{"start":{"line":22,"column":4},"end":{"line":22,"column":58}},"16":{"start":{"line":25,"column":16},"end":{"line":25,"column":54}},"17":{"start":{"line":26,"column":2},"end":{"line":28,"column":3}},"18":{"start":{"line":27,"column":4},"end":{"line":27,"column":51}},"19":{"start":{"line":30,"column":19},"end":{"line":30,"column":63}},"20":{"start":{"line":31,"column":2},"end":{"line":33,"column":3}},"21":{"start":{"line":32,"column":4},"end":{"line":32,"column":54}},"22":{"start":{"line":35,"column":2},"end":{"line":36,"column":58}},"23":{"start":{"line":36,"column":4},"end":{"line":36,"column":58}},"24":{"start":{"line":38,"column":17},"end":{"line":50,"column":4}},"25":{"start":{"line":52,"column":2},"end":{"line":67,"column":3}},"26":{"start":{"line":53,"column":4},"end":{"line":62,"column":13}},"27":{"start":{"line":64,"column":4},"end":{"line":64,"column":21}},"28":{"start":{"line":66,"column":4},"end":{"line":66,"column":47}},"29":{"start":{"line":70,"column":0},"end":{"line":70,"column":24}}},"fnMap":{"0":{"name":"(anonymous_0)","decl":{"start":{"line":14,"column":16},"end":{"line":14,"column":17}},"loc":{"start":{"line":14,"column":36},"end":{"line":17,"column":1}},"line":14},"1":{"name":"(anonymous_1)","decl":{"start":{"line":19,"column":23},"end":{"line":19,"column":24}},"loc":{"start":{"line":19,"column":43},"end":{"line":68,"column":1}},"line":19}},"branchMap":{"0":{"loc":{"start":{"line":21,"column":2},"end":{"line":23,"column":3}},"type":"if","locations":[{"start":{"line":21,"column":2},"end":{"line":23,"column":3}},{"start":{"line":21,"column":2},"end":{"line":23,"column":3}}],"line":21},"1":{"loc":{"start":{"line":26,"column":2},"end":{"line":28,"column":3}},"type":"if","locations":[{"start":{"line":26,"column":2},"end":{"line":28,"column":3}},{"start":{"line":26,"column":2},"end":{"line":28,"column":3}}],"line":26},"2":{"loc":{"start":{"line":31,"column":2},"end":{"line":33,"column":3}},"type":"if","locations":[{"start":{"line":31,"column":2},"end":{"line":33,"column":3}},{"start":{"line":31,"column":2},"end":{"line":33,"column":3}}],"line":31},"3":{"loc":{"start":{"line":35,"column":2},"end":{"line":36,"column":58}},"type":"if","locations":[{"start":{"line":35,"column":2},"end":{"line":36,"column":58}},{"start":{"line":35,"column":2},"end":{"line":36,"column":58}}],"line":35}},"s":{"0":3,"1":3,"2":3,"3":3,"4":3,"5":3,"6":3,"7":3,"8":3,"9":3,"10":0,"11":0,"12":3,"13":0,"14":0,"15":0,"16":0,"17":0,"18":0,"19":0,"20":0,"21":0,"22":0,"23":0,"24":0,"25":0,"26":0,"27":0,"28":0,"29":3},"f":{"0":0,"1":0},"b":{"0":[0,0],"1":[0,0],"2":[0,0],"3":[0,0]},"_coverageSchema":"1a1c01bbd47fc00a2c39e90264f33305004495a9","hash":"bd3b212ce51f982511a4fcd4fa502f22103ed40c"}
,"/Users/kitchi/node-practice/vidly/routes/returns.js": {"path":"/Users/kitchi/node-practice/vidly/routes/returns.js","statementMap":{"0":{"start":{"line":1,"column":16},"end":{"line":1,"column":34}},"1":{"start":{"line":2,"column":15},"end":{"line":2,"column":31}},"2":{"start":{"line":3,"column":13},"end":{"line":3,"column":42}},"3":{"start":{"line":4,"column":19},"end":{"line":4,"column":46}},"4":{"start":{"line":6,"column":0},"end":{"line":30,"column":3}},"5":{"start":{"line":7,"column":2},"end":{"line":9,"column":3}},"6":{"start":{"line":8,"column":4},"end":{"line":8,"column":60}},"7":{"start":{"line":10,"column":2},"end":{"line":12,"column":3}},"8":{"start":{"line":11,"column":4},"end":{"line":11,"column":57}},"9":{"start":{"line":13,"column":17},"end":{"line":16,"column":4}},"10":{"start":{"line":17,"column":2},"end":{"line":19,"column":3}},"11":{"start":{"line":18,"column":4},"end":{"line":18,"column":52}},"12":{"start":{"line":21,"column":2},"end":{"line":23,"column":3}},"13":{"start":{"line":22,"column":4},"end":{"line":22,"column":61}},"14":{"start":{"line":25,"column":2},"end":{"line":25,"column":35}},"15":{"start":{"line":27,"column":2},"end":{"line":27,"column":22}},"16":{"start":{"line":29,"column":2},"end":{"line":29,"column":19}},"17":{"start":{"line":32,"column":0},"end":{"line":32,"column":24}}},"fnMap":{"0":{"name":"(anonymous_0)","decl":{"start":{"line":6,"column":23},"end":{"line":6,"column":24}},"loc":{"start":{"line":6,"column":43},"end":{"line":30,"column":1}},"line":6}},"branchMap":{"0":{"loc":{"start":{"line":7,"column":2},"end":{"line":9,"column":3}},"type":"if","locations":[{"start":{"line":7,"column":2},"end":{"line":9,"column":3}},{"start":{"line":7,"column":2},"end":{"line":9,"column":3}}],"line":7},"1":{"loc":{"start":{"line":10,"column":2},"end":{"line":12,"column":3}},"type":"if","locations":[{"start":{"line":10,"column":2},"end":{"line":12,"column":3}},{"start":{"line":10,"column":2},"end":{"line":12,"column":3}}],"line":10},"2":{"loc":{"start":{"line":17,"column":2},"end":{"line":19,"column":3}},"type":"if","locations":[{"start":{"line":17,"column":2},"end":{"line":19,"column":3}},{"start":{"line":17,"column":2},"end":{"line":19,"column":3}}],"line":17},"3":{"loc":{"start":{"line":21,"column":2},"end":{"line":23,"column":3}},"type":"if","locations":[{"start":{"line":21,"column":2},"end":{"line":23,"column":3}},{"start":{"line":21,"column":2},"end":{"line":23,"column":3}}],"line":21}},"s":{"0":3,"1":3,"2":3,"3":3,"4":3,"5":6,"6":1,"7":5,"8":1,"9":4,"10":4,"11":1,"12":3,"13":1,"14":2,"15":2,"16":2,"17":3},"f":{"0":6},"b":{"0":[1,5],"1":[1,4],"2":[1,3],"3":[1,2]},"_coverageSchema":"1a1c01bbd47fc00a2c39e90264f33305004495a9","hash":"8c9a7f30d7e69dd6529a862dddb1e6b1a0660d3d"}
,"/Users/kitchi/node-practice/vidly/routes/users.js": {"path":"/Users/kitchi/node-practice/vidly/routes/users.js","statementMap":{"0":{"start":{"line":1,"column":10},"end":{"line":1,"column":27}},"1":{"start":{"line":2,"column":16},"end":{"line":2,"column":34}},"2":{"start":{"line":3,"column":15},"end":{"line":3,"column":31}},"3":{"start":{"line":4,"column":17},"end":{"line":4,"column":36}},"4":{"start":{"line":5,"column":15},"end":{"line":5,"column":32}},"5":{"start":{"line":9,"column":27},"end":{"line":9,"column":52}},"6":{"start":{"line":10,"column":13},"end":{"line":10,"column":42}},"7":{"start":{"line":12,"column":0},"end":{"line":15,"column":2}},"8":{"start":{"line":13,"column":17},"end":{"line":13,"column":70}},"9":{"start":{"line":14,"column":4},"end":{"line":14,"column":18}},"10":{"start":{"line":17,"column":0},"end":{"line":33,"column":3}},"11":{"start":{"line":18,"column":20},"end":{"line":18,"column":38}},"12":{"start":{"line":19,"column":2},"end":{"line":21,"column":3}},"13":{"start":{"line":20,"column":4},"end":{"line":20,"column":58}},"14":{"start":{"line":23,"column":13},"end":{"line":23,"column":58}},"15":{"start":{"line":24,"column":2},"end":{"line":24,"column":67}},"16":{"start":{"line":24,"column":12},"end":{"line":24,"column":67}},"17":{"start":{"line":26,"column":2},"end":{"line":26,"column":67}},"18":{"start":{"line":27,"column":15},"end":{"line":27,"column":39}},"19":{"start":{"line":28,"column":2},"end":{"line":28,"column":57}},"20":{"start":{"line":30,"column":2},"end":{"line":30,"column":20}},"21":{"start":{"line":31,"column":16},"end":{"line":31,"column":40}},"22":{"start":{"line":32,"column":2},"end":{"line":32,"column":74}},"23":{"start":{"line":35,"column":0},"end":{"line":35,"column":24}}},"fnMap":{"0":{"name":"(anonymous_0)","decl":{"start":{"line":12,"column":24},"end":{"line":12,"column":25}},"loc":{"start":{"line":12,"column":44},"end":{"line":15,"column":1}},"line":12},"1":{"name":"(anonymous_1)","decl":{"start":{"line":17,"column":17},"end":{"line":17,"column":18}},"loc":{"start":{"line":17,"column":37},"end":{"line":33,"column":1}},"line":17}},"branchMap":{"0":{"loc":{"start":{"line":19,"column":2},"end":{"line":21,"column":3}},"type":"if","locations":[{"start":{"line":19,"column":2},"end":{"line":21,"column":3}},{"start":{"line":19,"column":2},"end":{"line":21,"column":3}}],"line":19},"1":{"loc":{"start":{"line":24,"column":2},"end":{"line":24,"column":67}},"type":"if","locations":[{"start":{"line":24,"column":2},"end":{"line":24,"column":67}},{"start":{"line":24,"column":2},"end":{"line":24,"column":67}}],"line":24}},"s":{"0":3,"1":3,"2":3,"3":3,"4":3,"5":3,"6":3,"7":3,"8":0,"9":0,"10":3,"11":0,"12":0,"13":0,"14":0,"15":0,"16":0,"17":0,"18":0,"19":0,"20":0,"21":0,"22":0,"23":3},"f":{"0":0,"1":0},"b":{"0":[0,0],"1":[0,0]},"_coverageSchema":"1a1c01bbd47fc00a2c39e90264f33305004495a9","hash":"453fac3ec6092df12a10069cb0396a619cd92eb7"}
,"/Users/kitchi/node-practice/vidly/startup/config.js": {"path":"/Users/kitchi/node-practice/vidly/startup/config.js","statementMap":{"0":{"start":{"line":1,"column":15},"end":{"line":1,"column":32}},"1":{"start":{"line":3,"column":0},"end":{"line":7,"column":1}},"2":{"start":{"line":4,"column":4},"end":{"line":6,"column":7}},"3":{"start":{"line":5,"column":8},"end":{"line":5,"column":59}}},"fnMap":{"0":{"name":"(anonymous_0)","decl":{"start":{"line":3,"column":17},"end":{"line":3,"column":18}},"loc":{"start":{"line":3,"column":23},"end":{"line":7,"column":1}},"line":3}},"branchMap":{"0":{"loc":{"start":{"line":4,"column":4},"end":{"line":6,"column":7}},"type":"if","locations":[{"start":{"line":4,"column":4},"end":{"line":6,"column":7}},{"start":{"line":4,"column":4},"end":{"line":6,"column":7}}],"line":4}},"s":{"0":3,"1":3,"2":3,"3":0},"f":{"0":3},"b":{"0":[0,3]},"_coverageSchema":"1a1c01bbd47fc00a2c39e90264f33305004495a9","hash":"6e6dc17e4045db794c9a323be40d4a9cc9198b4d"}
,"/Users/kitchi/node-practice/vidly/startup/db.js": {"path":"/Users/kitchi/node-practice/vidly/startup/db.js","statementMap":{"0":{"start":{"line":1,"column":17},"end":{"line":1,"column":36}},"1":{"start":{"line":2,"column":15},"end":{"line":2,"column":47}},"2":{"start":{"line":3,"column":15},"end":{"line":3,"column":32}},"3":{"start":{"line":5,"column":0},"end":{"line":12,"column":2}},"4":{"start":{"line":6,"column":2},"end":{"line":11,"column":68}},"5":{"start":{"line":11,"column":16},"end":{"line":11,"column":66}}},"fnMap":{"0":{"name":"(anonymous_0)","decl":{"start":{"line":5,"column":17},"end":{"line":5,"column":18}},"loc":{"start":{"line":5,"column":23},"end":{"line":12,"column":1}},"line":5},"1":{"name":"(anonymous_1)","decl":{"start":{"line":11,"column":10},"end":{"line":11,"column":11}},"loc":{"start":{"line":11,"column":16},"end":{"line":11,"column":66}},"line":11}},"branchMap":{},"s":{"0":3,"1":3,"2":3,"3":3,"4":3,"5":3},"f":{"0":3,"1":3},"b":{},"_coverageSchema":"1a1c01bbd47fc00a2c39e90264f33305004495a9","hash":"e689469032af280f42bafee678fe3fd1a9aada5b"}
,"/Users/kitchi/node-practice/vidly/startup/logging.js": {"path":"/Users/kitchi/node-practice/vidly/startup/logging.js","statementMap":{"0":{"start":{"line":1,"column":16},"end":{"line":1,"column":34}},"1":{"start":{"line":2,"column":0},"end":{"line":2,"column":32}},"2":{"start":{"line":4,"column":0},"end":{"line":11,"column":2}},"3":{"start":{"line":5,"column":2},"end":{"line":7,"column":4}},"4":{"start":{"line":8,"column":2},"end":{"line":10,"column":5}},"5":{"start":{"line":9,"column":4},"end":{"line":9,"column":13}}},"fnMap":{"0":{"name":"(anonymous_0)","decl":{"start":{"line":4,"column":17},"end":{"line":4,"column":18}},"loc":{"start":{"line":4,"column":23},"end":{"line":11,"column":1}},"line":4},"1":{"name":"(anonymous_1)","decl":{"start":{"line":8,"column":35},"end":{"line":8,"column":36}},"loc":{"start":{"line":8,"column":43},"end":{"line":10,"column":3}},"line":8}},"branchMap":{},"s":{"0":3,"1":3,"2":3,"3":3,"4":3,"5":0},"f":{"0":3,"1":0},"b":{},"_coverageSchema":"1a1c01bbd47fc00a2c39e90264f33305004495a9","hash":"6025c56edadb5af1b7640a196aa332419ec98dfb"}
,"/Users/kitchi/node-practice/vidly/startup/routes.js": {"path":"/Users/kitchi/node-practice/vidly/startup/routes.js","statementMap":{"0":{"start":{"line":1,"column":16},"end":{"line":1,"column":34}},"1":{"start":{"line":2,"column":15},"end":{"line":2,"column":42}},"2":{"start":{"line":3,"column":13},"end":{"line":3,"column":38}},"3":{"start":{"line":4,"column":18},"end":{"line":4,"column":48}},"4":{"start":{"line":5,"column":16},"end":{"line":5,"column":44}},"5":{"start":{"line":6,"column":14},"end":{"line":6,"column":40}},"6":{"start":{"line":7,"column":13},"end":{"line":7,"column":38}},"7":{"start":{"line":8,"column":15},"end":{"line":8,"column":42}},"8":{"start":{"line":9,"column":16},"end":{"line":9,"column":44}},"9":{"start":{"line":10,"column":14},"end":{"line":10,"column":44}},"10":{"start":{"line":11,"column":15},"end":{"line":11,"column":32}},"11":{"start":{"line":13,"column":0},"end":{"line":28,"column":2}},"12":{"start":{"line":14,"column":2},"end":{"line":14,"column":26}},"13":{"start":{"line":15,"column":2},"end":{"line":15,"column":50}},"14":{"start":{"line":16,"column":2},"end":{"line":16,"column":20}},"15":{"start":{"line":17,"column":2},"end":{"line":17,"column":33}},"16":{"start":{"line":18,"column":2},"end":{"line":18,"column":31}},"17":{"start":{"line":19,"column":2},"end":{"line":19,"column":39}},"18":{"start":{"line":20,"column":2},"end":{"line":20,"column":33}},"19":{"start":{"line":21,"column":2},"end":{"line":21,"column":35}},"20":{"start":{"line":22,"column":2},"end":{"line":22,"column":29}},"21":{"start":{"line":23,"column":2},"end":{"line":23,"column":35}},"22":{"start":{"line":27,"column":2},"end":{"line":27,"column":17}}},"fnMap":{"0":{"name":"(anonymous_0)","decl":{"start":{"line":13,"column":17},"end":{"line":13,"column":18}},"loc":{"start":{"line":13,"column":26},"end":{"line":28,"column":1}},"line":13}},"branchMap":{},"s":{"0":3,"1":3,"2":3,"3":3,"4":3,"5":3,"6":3,"7":3,"8":3,"9":3,"10":3,"11":3,"12":3,"13":3,"14":3,"15":3,"16":3,"17":3,"18":3,"19":3,"20":3,"21":3,"22":3},"f":{"0":3},"b":{},"_coverageSchema":"1a1c01bbd47fc00a2c39e90264f33305004495a9","hash":"7597b7ccf91a2a3fb49f20edafc86b90f3b6fe72"}
,"/Users/kitchi/node-practice/vidly/startup/validation.js": {"path":"/Users/kitchi/node-practice/vidly/startup/validation.js","statementMap":{"0":{"start":{"line":1,"column":12},"end":{"line":1,"column":26}},"1":{"start":{"line":5,"column":0},"end":{"line":7,"column":1}},"2":{"start":{"line":6,"column":4},"end":{"line":6,"column":48}}},"fnMap":{"0":{"name":"(anonymous_0)","decl":{"start":{"line":5,"column":17},"end":{"line":5,"column":18}},"loc":{"start":{"line":5,"column":23},"end":{"line":7,"column":1}},"line":5}},"branchMap":{},"s":{"0":3,"1":3,"2":3},"f":{"0":3},"b":{},"_coverageSchema":"1a1c01bbd47fc00a2c39e90264f33305004495a9","hash":"9ccc062d67dbed667e543c2eae5b62c24a47e6f9"}
,"/Users/kitchi/node-practice/vidly/winston/errorLogger.js": {"path":"/Users/kitchi/node-practice/vidly/winston/errorLogger.js","statementMap":{"0":{"start":{"line":1,"column":16},"end":{"line":1,"column":34}},"1":{"start":{"line":2,"column":0},"end":{"line":2,"column":26}},"2":{"start":{"line":4,"column":25},"end":{"line":20,"column":3}},"3":{"start":{"line":22,"column":17},"end":{"line":22,"column":55}},"4":{"start":{"line":24,"column":2},"end":{"line":24,"column":25}}},"fnMap":{},"branchMap":{},"s":{"0":3,"1":3,"2":3,"3":3,"4":3},"f":{},"b":{},"_coverageSchema":"1a1c01bbd47fc00a2c39e90264f33305004495a9","hash":"4989ea813ac8c93fd7abcf3ceaa98176f195aef9"}
,"/Users/kitchi/node-practice/vidly/winston/infoLogger.js": {"path":"/Users/kitchi/node-practice/vidly/winston/infoLogger.js","statementMap":{"0":{"start":{"line":1,"column":16},"end":{"line":1,"column":34}},"1":{"start":{"line":2,"column":0},"end":{"line":2,"column":26}},"2":{"start":{"line":4,"column":25},"end":{"line":20,"column":3}},"3":{"start":{"line":22,"column":17},"end":{"line":22,"column":55}},"4":{"start":{"line":24,"column":2},"end":{"line":24,"column":25}}},"fnMap":{},"branchMap":{},"s":{"0":3,"1":3,"2":3,"3":3,"4":3},"f":{},"b":{},"_coverageSchema":"1a1c01bbd47fc00a2c39e90264f33305004495a9","hash":"ba3aad393bb0c06f65113c57ce147ca3e1c1a452"}
}
