TN:
SF:index.js
FN:21,(anonymous_0)
FNF:1
FNH:1
FNDA:2,(anonymous_0)
DA:1,2
DA:3,2
DA:4,2
DA:8,2
DA:9,2
DA:10,2
DA:11,2
DA:12,2
DA:20,2
DA:21,2
DA:23,2
LF:11
LH:11
BRDA:20,0,0,2
BRDA:20,0,1,2
BRF:2
BRH:2
end_of_record
TN:
SF:middleware/admin.js
FN:3,admin
FNF:1
FNH:0
FNDA:0,admin
DA:3,2
DA:4,0
DA:5,0
DA:8,0
LF:4
LH:1
BRDA:4,0,0,0
BRDA:4,0,1,0
BRF:2
BRH:0
end_of_record
TN:
SF:middleware/async.js
FN:1,asyncMiddleware
FN:2,(anonymous_1)
FNF:2
FNH:0
FNDA:0,asyncMiddleware
FNDA:0,(anonymous_1)
DA:1,2
DA:2,0
DA:3,0
DA:4,0
DA:6,0
LF:5
LH:1
BRF:0
BRH:0
end_of_record
TN:
SF:middleware/auth.js
FN:4,auth
FNF:1
FNH:1
FNDA:10,auth
DA:1,3
DA:2,3
DA:4,3
DA:5,10
DA:6,10
DA:8,7
DA:9,7
DA:10,6
DA:11,6
DA:13,1
LF:10
LH:10
BRDA:6,0,0,3
BRDA:6,0,1,7
BRF:2
BRH:2
end_of_record
TN:
SF:middleware/error.js
FN:3,(anonymous_0)
FNF:1
FNH:0
FNDA:0,(anonymous_0)
DA:1,2
DA:3,2
DA:5,0
DA:7,0
LF:4
LH:2
BRF:0
BRH:0
end_of_record
TN:
SF:middleware/validateObjectId.js
FN:3,(anonymous_0)
FNF:1
FNH:1
FNDA:3,(anonymous_0)
DA:1,2
DA:3,2
DA:4,3
DA:5,1
DA:7,2
LF:5
LH:5
BRDA:4,0,0,1
BRDA:4,0,1,2
BRF:2
BRH:2
end_of_record
TN:
SF:models/customer.js
FN:22,(anonymous_0)
FNF:1
FNH:0
FNDA:0,(anonymous_0)
DA:1,2
DA:2,2
DA:4,2
DA:20,2
DA:22,2
DA:23,0
DA:28,0
DA:35,2
DA:36,2
DA:37,2
LF:10
LH:8
BRF:0
BRH:0
end_of_record
TN:
SF:models/genre.js
FN:15,(anonymous_0)
FNF:1
FNH:1
FNDA:5,(anonymous_0)
DA:1,2
DA:2,2
DA:4,2
DA:13,2
DA:15,2
DA:16,5
DA:19,5
DA:22,2
DA:23,2
DA:24,2
LF:10
LH:10
BRF:0
BRH:0
end_of_record
TN:
SF:models/movie.js
FN:23,(anonymous_0)
FNF:1
FNH:0
FNDA:0,(anonymous_0)
DA:1,2
DA:2,2
DA:5,2
DA:8,2
DA:21,2
DA:23,2
DA:24,0
DA:31,0
DA:39,2
DA:40,2
DA:41,2
LF:11
LH:9
BRF:0
BRH:0
end_of_record
TN:
SF:models/rental.js
FN:46,(anonymous_0)
FNF:1
FNH:0
FNDA:0,(anonymous_0)
DA:1,2
DA:2,2
DA:4,2
DA:44,2
DA:46,2
DA:47,0
DA:51,0
DA:57,2
DA:58,2
LF:9
LH:7
BRF:0
BRH:0
end_of_record
TN:
SF:models/user.js
FN:32,(anonymous_0)
FN:39,(anonymous_1)
FNF:2
FNH:1
FNDA:11,(anonymous_0)
FNDA:0,(anonymous_1)
DA:1,4
DA:2,4
DA:3,4
DA:4,4
DA:6,4
DA:32,4
DA:33,11
DA:34,11
DA:37,4
DA:39,4
DA:40,0
DA:46,0
DA:53,4
DA:54,4
DA:55,4
LF:15
LH:13
BRF:0
BRH:0
end_of_record
TN:
SF:routes/auth.js
FN:11,(anonymous_0)
FN:27,(anonymous_1)
FNF:2
FNH:0
FNDA:0,(anonymous_0)
FNDA:0,(anonymous_1)
DA:2,2
DA:3,2
DA:4,2
DA:5,2
DA:6,2
DA:9,2
DA:11,2
DA:12,0
DA:13,0
DA:15,0
DA:16,0
DA:18,0
DA:19,0
DA:21,0
DA:24,0
DA:27,2
DA:28,0
DA:32,0
DA:35,2
LF:19
LH:9
BRDA:13,0,0,0
BRDA:13,0,1,0
BRDA:16,1,0,0
BRDA:16,1,1,0
BRDA:19,2,0,0
BRDA:19,2,1,0
BRF:6
BRH:0
end_of_record
TN:
SF:routes/customers.js
FN:10,(anonymous_0)
FN:15,(anonymous_1)
FN:20,(anonymous_2)
FN:44,(anonymous_3)
FN:68,(anonymous_4)
FNF:5
FNH:0
FNDA:0,(anonymous_0)
FNDA:0,(anonymous_1)
FNDA:0,(anonymous_2)
FNDA:0,(anonymous_3)
FNDA:0,(anonymous_4)
DA:1,2
DA:2,2
DA:3,2
DA:6,2
DA:7,2
DA:10,2
DA:11,0
DA:12,0
DA:15,2
DA:16,0
DA:17,0
DA:20,2
DA:21,0
DA:26,0
DA:27,0
DA:30,0
DA:36,0
DA:37,0
DA:38,0
DA:40,0
DA:44,2
DA:45,0
DA:50,0
DA:51,0
DA:54,0
DA:55,0
DA:60,0
DA:61,0
DA:62,0
DA:64,0
DA:68,2
DA:69,0
DA:70,0
DA:71,0
DA:73,0
DA:77,2
LF:36
LH:11
BRDA:26,0,0,0
BRDA:26,0,1,0
BRDA:50,1,0,0
BRDA:50,1,1,0
BRF:4
BRH:0
end_of_record
TN:
SF:routes/genres.js
FN:10,(anonymous_0)
FN:16,(anonymous_1)
FN:22,(anonymous_2)
FN:37,(anonymous_3)
FN:54,(anonymous_4)
FNF:5
FNH:3
FNDA:1,(anonymous_0)
FNDA:2,(anonymous_1)
FNDA:5,(anonymous_2)
FNDA:0,(anonymous_3)
FNDA:0,(anonymous_4)
DA:1,2
DA:2,2
DA:3,2
DA:4,2
DA:7,2
DA:8,2
DA:10,2
DA:12,1
DA:13,1
DA:16,2
DA:17,2
DA:18,2
DA:19,1
DA:22,2
DA:23,5
DA:24,5
DA:25,2
DA:27,3
DA:29,3
DA:30,3
DA:31,3
DA:33,0
DA:37,2
DA:38,0
DA:40,0
DA:41,0
DA:42,0
DA:45,0
DA:46,0
DA:47,0
DA:48,0
DA:50,0
DA:54,2
DA:55,0
DA:56,0
DA:57,0
DA:59,0
DA:63,2
LF:38
LH:24
BRDA:18,0,0,1
BRDA:18,0,1,1
BRDA:24,1,0,2
BRDA:24,1,1,3
BRDA:41,2,0,0
BRDA:41,2,1,0
BRF:6
BRH:4
end_of_record
TN:
SF:routes/home.js
FN:4,(anonymous_0)
FNF:1
FNH:0
FNDA:0,(anonymous_0)
DA:1,2
DA:2,2
DA:4,2
DA:5,0
DA:8,2
LF:5
LH:4
BRF:0
BRH:0
end_of_record
TN:
SF:routes/movies.js
FN:9,(anonymous_0)
FN:14,(anonymous_1)
FN:19,(anonymous_2)
FN:45,(anonymous_3)
FN:66,(anonymous_4)
FNF:5
FNH:0
FNDA:0,(anonymous_0)
FNDA:0,(anonymous_1)
FNDA:0,(anonymous_2)
FNDA:0,(anonymous_3)
FNDA:0,(anonymous_4)
DA:1,2
DA:2,2
DA:3,2
DA:6,2
DA:7,2
DA:9,2
DA:10,0
DA:11,0
DA:14,2
DA:15,0
DA:16,0
DA:19,2
DA:20,0
DA:21,0
DA:22,0
DA:23,0
DA:26,0
DA:27,0
DA:28,0
DA:30,0
DA:37,0
DA:38,0
DA:39,0
DA:41,0
DA:45,2
DA:46,0
DA:47,0
DA:48,0
DA:51,0
DA:52,0
DA:54,0
DA:56,0
DA:62,0
DA:63,0
DA:66,2
DA:67,0
DA:68,0
DA:69,0
DA:71,0
DA:75,2
LF:40
LH:11
BRDA:21,0,0,0
BRDA:21,0,1,0
BRDA:27,1,0,0
BRDA:27,1,1,0
BRDA:47,2,0,0
BRDA:47,2,1,0
BRDA:52,3,0,0
BRDA:52,3,1,0
BRF:8
BRH:0
end_of_record
TN:
SF:routes/rentals.js
FN:14,(anonymous_0)
FN:19,(anonymous_1)
FNF:2
FNH:0
FNDA:0,(anonymous_0)
FNDA:0,(anonymous_1)
DA:1,2
DA:2,2
DA:3,2
DA:4,2
DA:5,2
DA:8,2
DA:9,2
DA:10,2
DA:12,2
DA:14,2
DA:15,0
DA:16,0
DA:19,2
DA:20,0
DA:21,0
DA:22,0
DA:25,0
DA:26,0
DA:27,0
DA:30,0
DA:31,0
DA:32,0
DA:35,0
DA:36,0
DA:38,0
DA:52,0
DA:53,0
DA:64,0
DA:66,0
DA:70,2
LF:30
LH:12
BRDA:21,0,0,0
BRDA:21,0,1,0
BRDA:26,1,0,0
BRDA:26,1,1,0
BRDA:31,2,0,0
BRDA:31,2,1,0
BRDA:35,3,0,0
BRDA:35,3,1,0
BRF:8
BRH:0
end_of_record
TN:
SF:routes/users.js
FN:12,(anonymous_0)
FN:17,(anonymous_1)
FNF:2
FNH:0
FNDA:0,(anonymous_0)
FNDA:0,(anonymous_1)
DA:1,2
DA:2,2
DA:3,2
DA:4,2
DA:5,2
DA:9,2
DA:10,2
DA:12,2
DA:13,0
DA:14,0
DA:17,2
DA:18,0
DA:19,0
DA:20,0
DA:23,0
DA:24,0
DA:26,0
DA:27,0
DA:28,0
DA:30,0
DA:31,0
DA:32,0
DA:35,2
LF:23
LH:10
BRDA:19,0,0,0
BRDA:19,0,1,0
BRDA:24,1,0,0
BRDA:24,1,1,0
BRF:4
BRH:0
end_of_record
TN:
SF:startup/config.js
FN:3,(anonymous_0)
FNF:1
FNH:1
FNDA:2,(anonymous_0)
DA:1,2
DA:3,2
DA:4,2
DA:5,0
LF:4
LH:3
BRDA:4,0,0,0
BRDA:4,0,1,2
BRF:2
BRH:1
end_of_record
TN:
SF:startup/db.js
FN:5,(anonymous_0)
FN:11,(anonymous_1)
FNF:2
FNH:2
FNDA:2,(anonymous_0)
FNDA:2,(anonymous_1)
DA:1,2
DA:2,2
DA:3,2
DA:5,2
DA:6,2
DA:11,2
LF:6
LH:6
BRF:0
BRH:0
end_of_record
TN:
SF:startup/logging.js
FN:4,(anonymous_0)
FN:8,(anonymous_1)
FNF:2
FNH:1
FNDA:2,(anonymous_0)
FNDA:0,(anonymous_1)
DA:1,2
DA:2,2
DA:4,2
DA:5,2
DA:8,2
DA:9,0
LF:6
LH:5
BRF:0
BRH:0
end_of_record
TN:
SF:startup/routes.js
FN:13,(anonymous_0)
FNF:1
FNH:1
FNDA:2,(anonymous_0)
DA:1,2
DA:2,2
DA:3,2
DA:4,2
DA:5,2
DA:6,2
DA:7,2
DA:8,2
DA:9,2
DA:10,2
DA:13,2
DA:14,2
DA:15,2
DA:16,2
DA:17,2
DA:18,2
DA:19,2
DA:20,2
DA:21,2
DA:22,2
DA:26,2
LF:21
LH:21
BRF:0
BRH:0
end_of_record
TN:
SF:startup/validation.js
FN:5,(anonymous_0)
FNF:1
FNH:1
FNDA:2,(anonymous_0)
DA:1,2
DA:5,2
DA:6,2
LF:3
LH:3
BRF:0
BRH:0
end_of_record
TN:
SF:winston/errorLogger.js
FNF:0
FNH:0
DA:1,2
DA:2,2
DA:4,2
DA:22,2
DA:24,2
LF:5
LH:5
BRF:0
BRH:0
end_of_record
TN:
SF:winston/infoLogger.js
FNF:0
FNH:0
DA:1,2
DA:2,2
DA:4,2
DA:22,2
DA:24,2
LF:5
LH:5
BRF:0
BRH:0
end_of_record
